<?xml version="1.0" encoding="UTF-8"?>
<!-- Generated by org.testng.reporters.JUnitXMLReporter -->
<testsuite ignored="0" hostname="Lohiths-MacBook-Air.local" failures="0" tests="12" name="Default test" time="23.655" errors="0" timestamp="2023-03-09T07:29:32 IST">
  <testcase classname="api.test.DataDrivenTests" name="postUser" time="7.025"/>
  <testcase classname="api.test.DataDrivenTests" name="postUser" time="1.396"/>
  <testcase classname="api.test.DataDrivenTests" name="postUser" time="1.192"/>
  <testcase classname="api.test.DataDrivenTests" name="getUser" time="1.519"/>
  <testcase classname="api.test.DataDrivenTests" name="getUser" time="1.345"/>
  <testcase classname="api.test.DataDrivenTests" name="getUser" time="1.518"/>
  <testcase classname="api.test.DataDrivenTests" name="updateUser" time="1.291"/>
  <testcase classname="api.test.DataDrivenTests" name="updateUser" time="1.451"/>
  <testcase classname="api.test.DataDrivenTests" name="updateUser" time="2.147"/>
  <testcase classname="api.test.DataDrivenTests" name="deleteUser" time="1.389"/>
  <testcase classname="api.test.DataDrivenTests" name="deleteUser" time="1.124"/>
  <testcase classname="api.test.DataDrivenTests" name="deleteUser" time="1.535"/>
</testsuite> <!-- Default test -->
