<?xml version="1.0" encoding="UTF-8"?>
<testng-results ignored="0" total="12" passed="12" failed="0" skipped="0">
  <reporter-output>
  </reporter-output>
  <suite started-at="2023-03-09T07:29:09 IST" name="Default suite" finished-at="2023-03-09T07:29:32 IST" duration-ms="23655">
    <groups>
    </groups>
    <test started-at="2023-03-09T07:29:09 IST" name="Default test" finished-at="2023-03-09T07:29:32 IST" duration-ms="23655">
      <class name="api.test.DataDrivenTests">
        <test-method signature="postUser(java.lang.String,java.lang.String,java.lang.String,java.lang.String,java.lang.String,java.lang.String,java.lang.String)[pri:1, instance:api.test.DataDrivenTests@393671df]" started-at="2023-03-09T07:29:09 IST" name="postUser" data-provider="Data" finished-at="2023-03-09T07:29:16 IST" duration-ms="7025" status="PASS">
          <params>
            <param index="0">
              <value>
                <![CDATA[1010]]>
              </value>
            </param>
            <param index="1">
              <value>
                <![CDATA[testuser1]]>
              </value>
            </param>
            <param index="2">
              <value>
                <![CDATA[John]]>
              </value>
            </param>
            <param index="3">
              <value>
                <![CDATA[Canedy]]>
              </value>
            </param>
            <param index="4">
              <value>
                <![CDATA[a@gmail.com]]>
              </value>
            </param>
            <param index="5">
              <value>
                <![CDATA[test@1]]>
              </value>
            </param>
            <param index="6">
              <value>
                <![CDATA[1234567897]]>
              </value>
            </param>
          </params>
          <reporter-output>
          </reporter-output>
        </test-method> <!-- postUser -->
        <test-method signature="postUser(java.lang.String,java.lang.String,java.lang.String,java.lang.String,java.lang.String,java.lang.String,java.lang.String)[pri:1, instance:api.test.DataDrivenTests@393671df]" started-at="2023-03-09T07:29:16 IST" name="postUser" data-provider="Data" finished-at="2023-03-09T07:29:18 IST" duration-ms="1396" status="PASS">
          <params>
            <param index="0">
              <value>
                <![CDATA[1020]]>
              </value>
            </param>
            <param index="1">
              <value>
                <![CDATA[testuser2]]>
              </value>
            </param>
            <param index="2">
              <value>
                <![CDATA[Kim]]>
              </value>
            </param>
            <param index="3">
              <value>
                <![CDATA[Kom]]>
              </value>
            </param>
            <param index="4">
              <value>
                <![CDATA[b@gmail.com]]>
              </value>
            </param>
            <param index="5">
              <value>
                <![CDATA[test@2]]>
              </value>
            </param>
            <param index="6">
              <value>
                <![CDATA[1234567897]]>
              </value>
            </param>
          </params>
          <reporter-output>
          </reporter-output>
        </test-method> <!-- postUser -->
        <test-method signature="postUser(java.lang.String,java.lang.String,java.lang.String,java.lang.String,java.lang.String,java.lang.String,java.lang.String)[pri:1, instance:api.test.DataDrivenTests@393671df]" started-at="2023-03-09T07:29:18 IST" name="postUser" data-provider="Data" finished-at="2023-03-09T07:29:19 IST" duration-ms="1192" status="PASS">
          <params>
            <param index="0">
              <value>
                <![CDATA[1030]]>
              </value>
            </param>
            <param index="1">
              <value>
                <![CDATA[testuser3]]>
              </value>
            </param>
            <param index="2">
              <value>
                <![CDATA[Smith]]>
              </value>
            </param>
            <param index="3">
              <value>
                <![CDATA[Steve]]>
              </value>
            </param>
            <param index="4">
              <value>
                <![CDATA[c@gmail.com]]>
              </value>
            </param>
            <param index="5">
              <value>
                <![CDATA[test@3]]>
              </value>
            </param>
            <param index="6">
              <value>
                <![CDATA[1234567897]]>
              </value>
            </param>
          </params>
          <reporter-output>
          </reporter-output>
        </test-method> <!-- postUser -->
        <test-method signature="getUser(java.lang.String)[pri:2, instance:api.test.DataDrivenTests@393671df]" started-at="2023-03-09T07:29:19 IST" name="getUser" data-provider="UserNames" finished-at="2023-03-09T07:29:20 IST" duration-ms="1519" status="PASS">
          <params>
            <param index="0">
              <value>
                <![CDATA[testuser1]]>
              </value>
            </param>
          </params>
          <reporter-output>
          </reporter-output>
        </test-method> <!-- getUser -->
        <test-method signature="getUser(java.lang.String)[pri:2, instance:api.test.DataDrivenTests@393671df]" started-at="2023-03-09T07:29:21 IST" name="getUser" data-provider="UserNames" finished-at="2023-03-09T07:29:22 IST" duration-ms="1345" status="PASS">
          <params>
            <param index="0">
              <value>
                <![CDATA[testuser2]]>
              </value>
            </param>
          </params>
          <reporter-output>
          </reporter-output>
        </test-method> <!-- getUser -->
        <test-method signature="getUser(java.lang.String)[pri:2, instance:api.test.DataDrivenTests@393671df]" started-at="2023-03-09T07:29:22 IST" name="getUser" data-provider="UserNames" finished-at="2023-03-09T07:29:23 IST" duration-ms="1518" status="PASS">
          <params>
            <param index="0">
              <value>
                <![CDATA[testuser3]]>
              </value>
            </param>
          </params>
          <reporter-output>
          </reporter-output>
        </test-method> <!-- getUser -->
        <test-method signature="updateUser(java.lang.String,java.lang.String,java.lang.String,java.lang.String,java.lang.String,java.lang.String,java.lang.String)[pri:3, instance:api.test.DataDrivenTests@393671df]" started-at="2023-03-09T07:29:23 IST" name="updateUser" data-provider="Data" finished-at="2023-03-09T07:29:25 IST" duration-ms="1291" status="PASS">
          <params>
            <param index="0">
              <value>
                <![CDATA[1010]]>
              </value>
            </param>
            <param index="1">
              <value>
                <![CDATA[testuser1]]>
              </value>
            </param>
            <param index="2">
              <value>
                <![CDATA[John]]>
              </value>
            </param>
            <param index="3">
              <value>
                <![CDATA[Canedy]]>
              </value>
            </param>
            <param index="4">
              <value>
                <![CDATA[a@gmail.com]]>
              </value>
            </param>
            <param index="5">
              <value>
                <![CDATA[test@1]]>
              </value>
            </param>
            <param index="6">
              <value>
                <![CDATA[1234567897]]>
              </value>
            </param>
          </params>
          <reporter-output>
          </reporter-output>
        </test-method> <!-- updateUser -->
        <test-method signature="updateUser(java.lang.String,java.lang.String,java.lang.String,java.lang.String,java.lang.String,java.lang.String,java.lang.String)[pri:3, instance:api.test.DataDrivenTests@393671df]" started-at="2023-03-09T07:29:25 IST" name="updateUser" data-provider="Data" finished-at="2023-03-09T07:29:26 IST" duration-ms="1451" status="PASS">
          <params>
            <param index="0">
              <value>
                <![CDATA[1020]]>
              </value>
            </param>
            <param index="1">
              <value>
                <![CDATA[testuser2]]>
              </value>
            </param>
            <param index="2">
              <value>
                <![CDATA[Kim]]>
              </value>
            </param>
            <param index="3">
              <value>
                <![CDATA[Kom]]>
              </value>
            </param>
            <param index="4">
              <value>
                <![CDATA[b@gmail.com]]>
              </value>
            </param>
            <param index="5">
              <value>
                <![CDATA[test@2]]>
              </value>
            </param>
            <param index="6">
              <value>
                <![CDATA[1234567897]]>
              </value>
            </param>
          </params>
          <reporter-output>
          </reporter-output>
        </test-method> <!-- updateUser -->
        <test-method signature="updateUser(java.lang.String,java.lang.String,java.lang.String,java.lang.String,java.lang.String,java.lang.String,java.lang.String)[pri:3, instance:api.test.DataDrivenTests@393671df]" started-at="2023-03-09T07:29:26 IST" name="updateUser" data-provider="Data" finished-at="2023-03-09T07:29:28 IST" duration-ms="2147" status="PASS">
          <params>
            <param index="0">
              <value>
                <![CDATA[1030]]>
              </value>
            </param>
            <param index="1">
              <value>
                <![CDATA[testuser3]]>
              </value>
            </param>
            <param index="2">
              <value>
                <![CDATA[Smith]]>
              </value>
            </param>
            <param index="3">
              <value>
                <![CDATA[Steve]]>
              </value>
            </param>
            <param index="4">
              <value>
                <![CDATA[c@gmail.com]]>
              </value>
            </param>
            <param index="5">
              <value>
                <![CDATA[test@3]]>
              </value>
            </param>
            <param index="6">
              <value>
                <![CDATA[1234567897]]>
              </value>
            </param>
          </params>
          <reporter-output>
          </reporter-output>
        </test-method> <!-- updateUser -->
        <test-method signature="deleteUser(java.lang.String)[pri:4, instance:api.test.DataDrivenTests@393671df]" started-at="2023-03-09T07:29:28 IST" name="deleteUser" data-provider="UserNames" finished-at="2023-03-09T07:29:30 IST" duration-ms="1389" status="PASS">
          <params>
            <param index="0">
              <value>
                <![CDATA[testuser1]]>
              </value>
            </param>
          </params>
          <reporter-output>
          </reporter-output>
        </test-method> <!-- deleteUser -->
        <test-method signature="deleteUser(java.lang.String)[pri:4, instance:api.test.DataDrivenTests@393671df]" started-at="2023-03-09T07:29:30 IST" name="deleteUser" data-provider="UserNames" finished-at="2023-03-09T07:29:31 IST" duration-ms="1124" status="PASS">
          <params>
            <param index="0">
              <value>
                <![CDATA[testuser2]]>
              </value>
            </param>
          </params>
          <reporter-output>
          </reporter-output>
        </test-method> <!-- deleteUser -->
        <test-method signature="deleteUser(java.lang.String)[pri:4, instance:api.test.DataDrivenTests@393671df]" started-at="2023-03-09T07:29:31 IST" name="deleteUser" data-provider="UserNames" finished-at="2023-03-09T07:29:32 IST" duration-ms="1535" status="PASS">
          <params>
            <param index="0">
              <value>
                <![CDATA[testuser3]]>
              </value>
            </param>
          </params>
          <reporter-output>
          </reporter-output>
        </test-method> <!-- deleteUser -->
      </class> <!-- api.test.DataDrivenTests -->
    </test> <!-- Default test -->
  </suite> <!-- Default suite -->
</testng-results>
